2021-01-16 14:24:10 [scrapy] DEBUG: Crawled (200) <GET https://starcitygames.hawksearch.com/sites/starcitygames/?card_name=Thief%20of%20Sanity> (referer: None)
2021-01-16 14:24:10 [scrapy] DEBUG: Scraped from <200 https://starcitygames.hawksearch.com/sites/starcitygames/?card_name=Thief%20of%20Sanity>
{'Guilds of Ravnica': [{'Near Mint': '$1.49'}]}
2021-01-16 14:24:10 [scrapy] DEBUG: Scraped from <200 https://starcitygames.hawksearch.com/sites/starcitygames/?card_name=Thief%20of%20Sanity>
{'Guilds of Ravnica (Foil)': [{'Near Mint': '$3.99'}]}
2021-01-16 14:24:10 [scrapy] DEBUG: Scraped from <200 https://starcitygames.hawksearch.com/sites/starcitygames/?card_name=Thief%20of%20Sanity>
{'Promo: Date Stamped (Foil)': [{'Near Mint': '$3.99'}]}
2021-01-16 14:24:10 [scrapy] DEBUG: Scraped from <200 https://starcitygames.hawksearch.com/sites/starcitygames/?card_name=Thief%20of%20Sanity>
{'Promo: Planeswalker Stamped': [{'Near Mint': '$2.49'}]}
2021-01-16 14:24:10 [scrapy] DEBUG: Scraped from <200 https://starcitygames.hawksearch.com/sites/starcitygames/?card_name=Thief%20of%20Sanity>
{'Promo: Planeswalker Stamped (Foil)': [{'Near Mint': '$2.99'}]}
2021-01-16 14:24:10 [scrapy] INFO: Closing spider (finished)
2021-01-16 14:24:10 [scrapy] INFO: Dumping Scrapy stats:
{'downloader/request_bytes': 278,
 'downloader/request_count': 1,
 'downloader/request_method_count/GET': 1,
 'downloader/response_bytes': 9362,
 'downloader/response_count': 1,
 'downloader/response_status_count/200': 1,
 'elapsed_time_seconds': 1.117596,
 'finish_reason': 'finished',
 'finish_time': datetime.datetime(2021, 1, 16, 11, 24, 10, 295895),
 'item_scraped_count': 5,
 'log_count/DEBUG': 6,
 'log_count/INFO': 7,
 'memusage/max': 60362752,
 'memusage/startup': 60362752,
 'response_received_count': 1,
 'scheduler/dequeued': 1,
 'scheduler/dequeued/memory': 1,
 'scheduler/enqueued': 1,
 'scheduler/enqueued/memory': 1,
 'start_time': datetime.datetime(2021, 1, 16, 11, 24, 9, 178299)}
2021-01-16 14:24:10 [scrapy] INFO: Spider closed (finished)
