2021-01-16 16:51:26 [scrapy] DEBUG: Crawled (200) <GET https://starcitygames.hawksearch.com/sites/starcitygames/?card_name=Moraug,%20Fury%20of%20Akoum> (referer: None)
2021-01-16 16:51:26 [scrapy] INFO: Closing spider (finished)
2021-01-16 16:51:26 [scrapy] INFO: Dumping Scrapy stats:
{'downloader/request_bytes': 286,
 'downloader/request_count': 1,
 'downloader/request_method_count/GET': 1,
 'downloader/response_bytes': 3652,
 'downloader/response_count': 1,
 'downloader/response_status_count/200': 1,
 'elapsed_time_seconds': 2.298194,
 'finish_reason': 'finished',
 'finish_time': datetime.datetime(2021, 1, 16, 13, 51, 26, 295091),
 'log_count/DEBUG': 1,
 'log_count/INFO': 7,
 'memusage/max': 61259776,
 'memusage/startup': 61259776,
 'response_received_count': 1,
 'scheduler/dequeued': 1,
 'scheduler/dequeued/memory': 1,
 'scheduler/enqueued': 1,
 'scheduler/enqueued/memory': 1,
 'start_time': datetime.datetime(2021, 1, 16, 13, 51, 23, 996897)}
2021-01-16 16:51:26 [scrapy] INFO: Spider closed (finished)
