2021-01-16 16:53:19 [scrapy] DEBUG: Crawled (200) <GET https://starcitygames.hawksearch.com/sites/starcitygames/?card_name=Brimaz,%20King%20of%20Oreskos> (referer: None)
2021-01-16 16:53:19 [scrapy] INFO: Closing spider (finished)
2021-01-16 16:53:19 [scrapy] INFO: Dumping Scrapy stats:
{'downloader/request_bytes': 288,
 'downloader/request_count': 1,
 'downloader/request_method_count/GET': 1,
 'downloader/response_bytes': 3651,
 'downloader/response_count': 1,
 'downloader/response_status_count/200': 1,
 'elapsed_time_seconds': 1.820052,
 'finish_reason': 'finished',
 'finish_time': datetime.datetime(2021, 1, 16, 13, 53, 19, 422795),
 'log_count/DEBUG': 1,
 'log_count/INFO': 7,
 'memusage/max': 61259776,
 'memusage/startup': 61259776,
 'response_received_count': 1,
 'scheduler/dequeued': 1,
 'scheduler/dequeued/memory': 1,
 'scheduler/enqueued': 1,
 'scheduler/enqueued/memory': 1,
 'start_time': datetime.datetime(2021, 1, 16, 13, 53, 17, 602743)}
2021-01-16 16:53:19 [scrapy] INFO: Spider closed (finished)
