2021-01-16 16:41:28 [scrapy] DEBUG: Crawled (200) <GET https://starcitygames.hawksearch.com/sites/starcitygames/?card_name=River's%20Rebuke> (referer: None)
2021-01-16 16:41:28 [scrapy] DEBUG: Scraped from <200 https://starcitygames.hawksearch.com/sites/starcitygames/?card_name=River's%20Rebuke>
{'Game Night: 2019': [{'Near Mint': '$0.99'}]}
2021-01-16 16:41:28 [scrapy] DEBUG: Scraped from <200 https://starcitygames.hawksearch.com/sites/starcitygames/?card_name=River's%20Rebuke>
{'Ixalan': [{'Near Mint': '$0.99'}, {'Played': '$0.79'}]}
2021-01-16 16:41:28 [scrapy] DEBUG: Scraped from <200 https://starcitygames.hawksearch.com/sites/starcitygames/?card_name=River's%20Rebuke>
{'Ixalan (Foil)': [{'Near Mint': '$1.99'}]}
2021-01-16 16:41:28 [scrapy] DEBUG: Scraped from <200 https://starcitygames.hawksearch.com/sites/starcitygames/?card_name=River's%20Rebuke>
{'Promo: Date Stamped (Foil)': [{'Near Mint': '$1.99'}]}
2021-01-16 16:41:28 [scrapy] DEBUG: Scraped from <200 https://starcitygames.hawksearch.com/sites/starcitygames/?card_name=River's%20Rebuke>
{'Promo: Planeswalker Stamped': [{'Near Mint': '$0.99'}]}
2021-01-16 16:41:28 [scrapy] DEBUG: Scraped from <200 https://starcitygames.hawksearch.com/sites/starcitygames/?card_name=River's%20Rebuke>
{'Promo: Planeswalker Stamped (Foil)': [{'Near Mint': '$1.99'}]}
2021-01-16 16:41:28 [scrapy] INFO: Closing spider (finished)
2021-01-16 16:41:28 [scrapy] INFO: Dumping Scrapy stats:
{'downloader/request_bytes': 275,
 'downloader/request_count': 1,
 'downloader/request_method_count/GET': 1,
 'downloader/response_bytes': 10206,
 'downloader/response_count': 1,
 'downloader/response_status_count/200': 1,
 'elapsed_time_seconds': 1.473653,
 'finish_reason': 'finished',
 'finish_time': datetime.datetime(2021, 1, 16, 13, 41, 28, 810379),
 'item_scraped_count': 6,
 'log_count/DEBUG': 7,
 'log_count/INFO': 7,
 'memusage/max': 61259776,
 'memusage/startup': 61259776,
 'response_received_count': 1,
 'scheduler/dequeued': 1,
 'scheduler/dequeued/memory': 1,
 'scheduler/enqueued': 1,
 'scheduler/enqueued/memory': 1,
 'start_time': datetime.datetime(2021, 1, 16, 13, 41, 27, 336726)}
2021-01-16 16:41:28 [scrapy] INFO: Spider closed (finished)
