2021-01-16 19:10:30 [scrapy] DEBUG: Crawled (200) <GET https://starcitygames.hawksearch.com/sites/starcitygames/?card_name=Exsanguinate> (referer: None)
2021-01-16 19:10:30 [scrapy] DEBUG: Scraped from <200 https://starcitygames.hawksearch.com/sites/starcitygames/?card_name=Exsanguinate>
{'Mystery Booster': [{'Near Mint': '$6.99'}]}
2021-01-16 19:10:30 [scrapy] DEBUG: Scraped from <200 https://starcitygames.hawksearch.com/sites/starcitygames/?card_name=Exsanguinate>
{'Scars of Mirrodin': [{'Near Mint': '$6.99'}]}
2021-01-16 19:10:30 [scrapy] DEBUG: Scraped from <200 https://starcitygames.hawksearch.com/sites/starcitygames/?card_name=Exsanguinate>
{'Scars of Mirrodin (Foil)': [{'Near Mint': '$22.99'}]}
2021-01-16 19:10:30 [scrapy] INFO: Closing spider (finished)
2021-01-16 19:10:30 [scrapy] INFO: Dumping Scrapy stats:
{'downloader/request_bytes': 271,
 'downloader/request_count': 1,
 'downloader/request_method_count/GET': 1,
 'downloader/response_bytes': 8499,
 'downloader/response_count': 1,
 'downloader/response_status_count/200': 1,
 'elapsed_time_seconds': 1.613451,
 'finish_reason': 'finished',
 'finish_time': datetime.datetime(2021, 1, 16, 16, 10, 30, 735624),
 'item_scraped_count': 3,
 'log_count/DEBUG': 4,
 'log_count/INFO': 7,
 'memusage/max': 61259776,
 'memusage/startup': 61259776,
 'response_received_count': 1,
 'scheduler/dequeued': 1,
 'scheduler/dequeued/memory': 1,
 'scheduler/enqueued': 1,
 'scheduler/enqueued/memory': 1,
 'start_time': datetime.datetime(2021, 1, 16, 16, 10, 29, 122173)}
2021-01-16 19:10:30 [scrapy] INFO: Spider closed (finished)
