2021-01-16 14:11:33 [scrapy] DEBUG: Crawled (200) <GET https://starcitygames.hawksearch.com/sites/starcitygames/?card_name=Start%20//%20Finish> (referer: None)
2021-01-16 14:11:33 [scrapy] DEBUG: Scraped from <200 https://starcitygames.hawksearch.com/sites/starcitygames/?card_name=Start%20//%20Finish>
{'Amonkhet': [{'Near Mint': '$0.25'}]}
2021-01-16 14:11:33 [scrapy] DEBUG: Scraped from <200 https://starcitygames.hawksearch.com/sites/starcitygames/?card_name=Start%20//%20Finish>
{'Amonkhet (Foil)': [{'Near Mint': '$0.49'}]}
2021-01-16 14:11:33 [scrapy] INFO: Closing spider (finished)
2021-01-16 14:11:33 [scrapy] INFO: Dumping Scrapy stats:
{'downloader/request_bytes': 278,
 'downloader/request_count': 1,
 'downloader/request_method_count/GET': 1,
 'downloader/response_bytes': 9263,
 'downloader/response_count': 1,
 'downloader/response_status_count/200': 1,
 'elapsed_time_seconds': 1.467075,
 'finish_reason': 'finished',
 'finish_time': datetime.datetime(2021, 1, 16, 11, 11, 33, 157420),
 'item_scraped_count': 2,
 'log_count/DEBUG': 3,
 'log_count/INFO': 7,
 'memusage/max': 59445248,
 'memusage/startup': 59445248,
 'response_received_count': 1,
 'scheduler/dequeued': 1,
 'scheduler/dequeued/memory': 1,
 'scheduler/enqueued': 1,
 'scheduler/enqueued/memory': 1,
 'start_time': datetime.datetime(2021, 1, 16, 11, 11, 31, 690345)}
2021-01-16 14:11:33 [scrapy] INFO: Spider closed (finished)
