2021-01-16 16:32:05 [scrapy] DEBUG: Crawled (200) <GET https://starcitygames.hawksearch.com/sites/starcitygames/?card_name=Body%20of%20Knowledge> (referer: None)
2021-01-16 16:32:05 [scrapy] DEBUG: Scraped from <200 https://starcitygames.hawksearch.com/sites/starcitygames/?card_name=Body%20of%20Knowledge>
{'Commander Legends': [{'Near Mint': '$0.75'}]}
2021-01-16 16:32:05 [scrapy] DEBUG: Scraped from <200 https://starcitygames.hawksearch.com/sites/starcitygames/?card_name=Body%20of%20Knowledge>
{'Commander Legends (Foil)': [{'Near Mint': '$1.99'}]}
2021-01-16 16:32:05 [scrapy] DEBUG: Scraped from <200 https://starcitygames.hawksearch.com/sites/starcitygames/?card_name=Body%20of%20Knowledge>
{'Commander Legends - Variants': [{'Near Mint': '$1.49'}]}
2021-01-16 16:32:05 [scrapy] DEBUG: Scraped from <200 https://starcitygames.hawksearch.com/sites/starcitygames/?card_name=Body%20of%20Knowledge>
{'Commander Legends - Variants (Foil)': [{'Near Mint': '$2.99'}]}
2021-01-16 16:32:05 [scrapy] INFO: Closing spider (finished)
2021-01-16 16:32:05 [scrapy] INFO: Dumping Scrapy stats:
{'downloader/request_bytes': 280,
 'downloader/request_count': 1,
 'downloader/request_method_count/GET': 1,
 'downloader/response_bytes': 8576,
 'downloader/response_count': 1,
 'downloader/response_status_count/200': 1,
 'elapsed_time_seconds': 1.472974,
 'finish_reason': 'finished',
 'finish_time': datetime.datetime(2021, 1, 16, 13, 32, 5, 229855),
 'item_scraped_count': 4,
 'log_count/DEBUG': 5,
 'log_count/INFO': 7,
 'memusage/max': 61259776,
 'memusage/startup': 61259776,
 'response_received_count': 1,
 'scheduler/dequeued': 1,
 'scheduler/dequeued/memory': 1,
 'scheduler/enqueued': 1,
 'scheduler/enqueued/memory': 1,
 'start_time': datetime.datetime(2021, 1, 16, 13, 32, 3, 756881)}
2021-01-16 16:32:05 [scrapy] INFO: Spider closed (finished)
