2021-01-16 17:48:25 [scrapy] DEBUG: Crawled (200) <GET https://starcitygames.hawksearch.com/sites/starcitygames/?card_name=Towering%20Titan> (referer: None)
2021-01-16 17:48:25 [scrapy] DEBUG: Scraped from <200 https://starcitygames.hawksearch.com/sites/starcitygames/?card_name=Towering%20Titan>
{'Jumpstart': [{'Near Mint': '$6.99'}]}
2021-01-16 17:48:25 [scrapy] INFO: Closing spider (finished)
2021-01-16 17:48:25 [scrapy] INFO: Dumping Scrapy stats:
{'downloader/request_bytes': 275,
 'downloader/request_count': 1,
 'downloader/request_method_count/GET': 1,
 'downloader/response_bytes': 6318,
 'downloader/response_count': 1,
 'downloader/response_status_count/200': 1,
 'elapsed_time_seconds': 2.249783,
 'finish_reason': 'finished',
 'finish_time': datetime.datetime(2021, 1, 16, 14, 48, 25, 728918),
 'item_scraped_count': 1,
 'log_count/DEBUG': 2,
 'log_count/INFO': 7,
 'memusage/max': 61259776,
 'memusage/startup': 61259776,
 'response_received_count': 1,
 'scheduler/dequeued': 1,
 'scheduler/dequeued/memory': 1,
 'scheduler/enqueued': 1,
 'scheduler/enqueued/memory': 1,
 'start_time': datetime.datetime(2021, 1, 16, 14, 48, 23, 479135)}
2021-01-16 17:48:25 [scrapy] INFO: Spider closed (finished)
