2021-01-16 14:25:44 [scrapy] DEBUG: Crawled (200) <GET https://starcitygames.hawksearch.com/sites/starcitygames/?card_name=Akki%20Raider> (referer: None)
2021-01-16 14:25:44 [scrapy] DEBUG: Scraped from <200 https://starcitygames.hawksearch.com/sites/starcitygames/?card_name=Akki%20Raider>
{'Betrayers of Kamigawa': [{'Near Mint': '$0.25'}]}
2021-01-16 14:25:44 [scrapy] DEBUG: Scraped from <200 https://starcitygames.hawksearch.com/sites/starcitygames/?card_name=Akki%20Raider>
{'Betrayers of Kamigawa (Foil)': [{'Near Mint': '$0.49'}]}
2021-01-16 14:25:44 [scrapy] INFO: Closing spider (finished)
2021-01-16 14:25:44 [scrapy] INFO: Dumping Scrapy stats:
{'downloader/request_bytes': 272,
 'downloader/request_count': 1,
 'downloader/request_method_count/GET': 1,
 'downloader/response_bytes': 7757,
 'downloader/response_count': 1,
 'downloader/response_status_count/200': 1,
 'elapsed_time_seconds': 0.912795,
 'finish_reason': 'finished',
 'finish_time': datetime.datetime(2021, 1, 16, 11, 25, 44, 810338),
 'item_scraped_count': 2,
 'log_count/DEBUG': 3,
 'log_count/INFO': 7,
 'memusage/max': 60379136,
 'memusage/startup': 60379136,
 'response_received_count': 1,
 'scheduler/dequeued': 1,
 'scheduler/dequeued/memory': 1,
 'scheduler/enqueued': 1,
 'scheduler/enqueued/memory': 1,
 'start_time': datetime.datetime(2021, 1, 16, 11, 25, 43, 897543)}
2021-01-16 14:25:44 [scrapy] INFO: Spider closed (finished)
