2021-01-16 14:26:15 [scrapy] DEBUG: Crawled (200) <GET https://starcitygames.hawksearch.com/sites/starcitygames/?card_name=Grand%20Warlord%20Radha> (referer: None)
2021-01-16 14:26:15 [scrapy] DEBUG: Scraped from <200 https://starcitygames.hawksearch.com/sites/starcitygames/?card_name=Grand%20Warlord%20Radha>
{'Dominaria': [{'Near Mint': '$0.49'}]}
2021-01-16 14:26:15 [scrapy] DEBUG: Scraped from <200 https://starcitygames.hawksearch.com/sites/starcitygames/?card_name=Grand%20Warlord%20Radha>
{'Dominaria (Foil)': [{'Near Mint': '$1.99'}]}
2021-01-16 14:26:15 [scrapy] DEBUG: Scraped from <200 https://starcitygames.hawksearch.com/sites/starcitygames/?card_name=Grand%20Warlord%20Radha>
{'Promo: Date Stamped (Foil)': [{'Near Mint': '$1.99'}, {'Played': '$1.25'}]}
2021-01-16 14:26:15 [scrapy] INFO: Closing spider (finished)
2021-01-16 14:26:15 [scrapy] INFO: Dumping Scrapy stats:
{'downloader/request_bytes': 282,
 'downloader/request_count': 1,
 'downloader/request_method_count/GET': 1,
 'downloader/response_bytes': 12518,
 'downloader/response_count': 1,
 'downloader/response_status_count/200': 1,
 'elapsed_time_seconds': 1.753009,
 'finish_reason': 'finished',
 'finish_time': datetime.datetime(2021, 1, 16, 11, 26, 15, 273533),
 'item_scraped_count': 3,
 'log_count/DEBUG': 4,
 'log_count/INFO': 7,
 'memusage/max': 60379136,
 'memusage/startup': 60379136,
 'response_received_count': 1,
 'scheduler/dequeued': 1,
 'scheduler/dequeued/memory': 1,
 'scheduler/enqueued': 1,
 'scheduler/enqueued/memory': 1,
 'start_time': datetime.datetime(2021, 1, 16, 11, 26, 13, 520524)}
2021-01-16 14:26:15 [scrapy] INFO: Spider closed (finished)
