2021-01-16 14:28:59 [scrapy] DEBUG: Crawled (200) <GET https://starcitygames.hawksearch.com/sites/starcitygames/?card_name=Morphic%20Pool> (referer: None)
2021-01-16 14:28:59 [scrapy] DEBUG: Scraped from <200 https://starcitygames.hawksearch.com/sites/starcitygames/?card_name=Morphic%20Pool>
{'Battlebond': [{'Near Mint': '$24.99'}]}
2021-01-16 14:28:59 [scrapy] DEBUG: Scraped from <200 https://starcitygames.hawksearch.com/sites/starcitygames/?card_name=Morphic%20Pool>
{'Battlebond (Foil)': [{'Near Mint': '$49.99'}]}
2021-01-16 14:28:59 [scrapy] DEBUG: Scraped from <200 https://starcitygames.hawksearch.com/sites/starcitygames/?card_name=Morphic%20Pool>
{'Zendikar Rising Expeditions': [{'Near Mint': '$24.99'}]}
2021-01-16 14:28:59 [scrapy] DEBUG: Scraped from <200 https://starcitygames.hawksearch.com/sites/starcitygames/?card_name=Morphic%20Pool>
{'Zendikar Rising Expeditions (Foil)': [{'Near Mint': '$34.99'}]}
2021-01-16 14:28:59 [scrapy] INFO: Closing spider (finished)
2021-01-16 14:28:59 [scrapy] INFO: Dumping Scrapy stats:
{'downloader/request_bytes': 273,
 'downloader/request_count': 1,
 'downloader/request_method_count/GET': 1,
 'downloader/response_bytes': 8898,
 'downloader/response_count': 1,
 'downloader/response_status_count/200': 1,
 'elapsed_time_seconds': 1.593837,
 'finish_reason': 'finished',
 'finish_time': datetime.datetime(2021, 1, 16, 11, 28, 59, 158466),
 'item_scraped_count': 4,
 'log_count/DEBUG': 5,
 'log_count/INFO': 7,
 'memusage/max': 60641280,
 'memusage/startup': 60641280,
 'response_received_count': 1,
 'scheduler/dequeued': 1,
 'scheduler/dequeued/memory': 1,
 'scheduler/enqueued': 1,
 'scheduler/enqueued/memory': 1,
 'start_time': datetime.datetime(2021, 1, 16, 11, 28, 57, 564629)}
2021-01-16 14:28:59 [scrapy] INFO: Spider closed (finished)
