2021-01-16 22:41:29 [scrapy] DEBUG: Crawled (200) <GET https://starcitygames.hawksearch.com/sites/starcitygames/?card_name=Repeated%20Reverberation> (referer: None)
2021-01-16 22:41:29 [scrapy] DEBUG: Scraped from <200 https://starcitygames.hawksearch.com/sites/starcitygames/?card_name=Repeated%20Reverberation>
{'Core Set 2020': [{'Near Mint': '$0.75'}, {'Played': '$0.59'}]}
2021-01-16 22:41:29 [scrapy] DEBUG: Scraped from <200 https://starcitygames.hawksearch.com/sites/starcitygames/?card_name=Repeated%20Reverberation>
{'Core Set 2020 (Foil)': [{'Near Mint': '$1.99'}]}
2021-01-16 22:41:29 [scrapy] DEBUG: Scraped from <200 https://starcitygames.hawksearch.com/sites/starcitygames/?card_name=Repeated%20Reverberation>
{'Promo: Date Stamped (Foil)': [{'Near Mint': '$1.99'}]}
2021-01-16 22:41:29 [scrapy] DEBUG: Scraped from <200 https://starcitygames.hawksearch.com/sites/starcitygames/?card_name=Repeated%20Reverberation>
{'Promo: Planeswalker Stamped': [{'Near Mint': '$0.75'}]}
2021-01-16 22:41:29 [scrapy] DEBUG: Scraped from <200 https://starcitygames.hawksearch.com/sites/starcitygames/?card_name=Repeated%20Reverberation>
{'Promo: Planeswalker Stamped (Foil)': [{'Near Mint': '$1.99'}]}
2021-01-16 22:41:29 [scrapy] INFO: Closing spider (finished)
2021-01-16 22:41:29 [scrapy] INFO: Dumping Scrapy stats:
{'downloader/request_bytes': 283,
 'downloader/request_count': 1,
 'downloader/request_method_count/GET': 1,
 'downloader/response_bytes': 18244,
 'downloader/response_count': 1,
 'downloader/response_status_count/200': 1,
 'elapsed_time_seconds': 1.814456,
 'finish_reason': 'finished',
 'finish_time': datetime.datetime(2021, 1, 16, 19, 41, 29, 169043),
 'item_scraped_count': 5,
 'log_count/DEBUG': 6,
 'log_count/INFO': 7,
 'memusage/max': 61440000,
 'memusage/startup': 61440000,
 'response_received_count': 1,
 'scheduler/dequeued': 1,
 'scheduler/dequeued/memory': 1,
 'scheduler/enqueued': 1,
 'scheduler/enqueued/memory': 1,
 'start_time': datetime.datetime(2021, 1, 16, 19, 41, 27, 354587)}
2021-01-16 22:41:29 [scrapy] INFO: Spider closed (finished)
