2021-01-16 19:12:31 [scrapy] DEBUG: Crawled (200) <GET https://starcitygames.hawksearch.com/sites/starcitygames/?card_name=Vigor> (referer: None)
2021-01-16 19:12:31 [scrapy] DEBUG: Scraped from <200 https://starcitygames.hawksearch.com/sites/starcitygames/?card_name=Vigor>
{'Battlebond': [{'Near Mint': '$5.99'}]}
2021-01-16 19:12:31 [scrapy] DEBUG: Scraped from <200 https://starcitygames.hawksearch.com/sites/starcitygames/?card_name=Vigor>
{'Battlebond (Foil)': [{'Near Mint': '$9.99'}]}
2021-01-16 19:12:31 [scrapy] DEBUG: Scraped from <200 https://starcitygames.hawksearch.com/sites/starcitygames/?card_name=Vigor>
{'Duels of the Planeswalkers': [{'Near Mint': '$5.99'}]}
2021-01-16 19:12:31 [scrapy] DEBUG: Scraped from <200 https://starcitygames.hawksearch.com/sites/starcitygames/?card_name=Vigor>
{'Lorwyn': [{'Near Mint': '$5.99'}, {'Played': '$3.89'}, {'Near Mint': '$4.49'}, {'Played': '$3.65'}, {'Near Mint': '$5.39'}, {'Played': '$4.39'}, {'Near Mint': '$7.49'}, {'Played': '$6.05'}, {'Heavily Played': '$3.75'}, {'Near Mint': '$4.49'}, {'Played': '$3.65'}]}
2021-01-16 19:12:31 [scrapy] DEBUG: Scraped from <200 https://starcitygames.hawksearch.com/sites/starcitygames/?card_name=Vigor>
{'Lorwyn (Foil)': [{'Near Mint': '$19.99'}, {'Near Mint': '$24.99'}, {'Played': '$16.99'}, {'Played': '$32.99'}]}
2021-01-16 19:12:31 [scrapy] DEBUG: Scraped from <200 https://starcitygames.hawksearch.com/sites/starcitygames/?card_name=Vigor>
{'Mystery Booster': [{'Near Mint': '$3.99'}]}
2021-01-16 19:12:31 [scrapy] INFO: Closing spider (finished)
2021-01-16 19:12:31 [scrapy] INFO: Dumping Scrapy stats:
{'downloader/request_bytes': 264,
 'downloader/request_count': 1,
 'downloader/request_method_count/GET': 1,
 'downloader/response_bytes': 34706,
 'downloader/response_count': 1,
 'downloader/response_status_count/200': 1,
 'elapsed_time_seconds': 2.144967,
 'finish_reason': 'finished',
 'finish_time': datetime.datetime(2021, 1, 16, 16, 12, 31, 290299),
 'item_scraped_count': 6,
 'log_count/DEBUG': 7,
 'log_count/INFO': 7,
 'memusage/max': 61259776,
 'memusage/startup': 61259776,
 'response_received_count': 1,
 'scheduler/dequeued': 1,
 'scheduler/dequeued/memory': 1,
 'scheduler/enqueued': 1,
 'scheduler/enqueued/memory': 1,
 'start_time': datetime.datetime(2021, 1, 16, 16, 12, 29, 145332)}
2021-01-16 19:12:31 [scrapy] INFO: Spider closed (finished)
