2021-01-16 19:10:48 [scrapy] DEBUG: Crawled (200) <GET https://starcitygames.hawksearch.com/sites/starcitygames/?card_name=Court%20of%20Grace> (referer: None)
2021-01-16 19:10:48 [scrapy] DEBUG: Scraped from <200 https://starcitygames.hawksearch.com/sites/starcitygames/?card_name=Court%20of%20Grace>
{'Commander Legends': [{'Near Mint': '$1.99'}]}
2021-01-16 19:10:48 [scrapy] DEBUG: Scraped from <200 https://starcitygames.hawksearch.com/sites/starcitygames/?card_name=Court%20of%20Grace>
{'Commander Legends (Foil)': [{'Near Mint': '$7.99'}]}
2021-01-16 19:10:48 [scrapy] DEBUG: Scraped from <200 https://starcitygames.hawksearch.com/sites/starcitygames/?card_name=Court%20of%20Grace>
{'Commander Legends - Variants': [{'Near Mint': '$4.99'}]}
2021-01-16 19:10:48 [scrapy] DEBUG: Scraped from <200 https://starcitygames.hawksearch.com/sites/starcitygames/?card_name=Court%20of%20Grace>
{'Commander Legends - Variants (Foil)': [{'Near Mint': '$9.99'}]}
2021-01-16 19:10:48 [scrapy] INFO: Closing spider (finished)
2021-01-16 19:10:48 [scrapy] INFO: Dumping Scrapy stats:
{'downloader/request_bytes': 277,
 'downloader/request_count': 1,
 'downloader/request_method_count/GET': 1,
 'downloader/response_bytes': 8846,
 'downloader/response_count': 1,
 'downloader/response_status_count/200': 1,
 'elapsed_time_seconds': 1.048975,
 'finish_reason': 'finished',
 'finish_time': datetime.datetime(2021, 1, 16, 16, 10, 48, 870012),
 'item_scraped_count': 4,
 'log_count/DEBUG': 5,
 'log_count/INFO': 7,
 'memusage/max': 61259776,
 'memusage/startup': 61259776,
 'response_received_count': 1,
 'scheduler/dequeued': 1,
 'scheduler/dequeued/memory': 1,
 'scheduler/enqueued': 1,
 'scheduler/enqueued/memory': 1,
 'start_time': datetime.datetime(2021, 1, 16, 16, 10, 47, 821037)}
2021-01-16 19:10:48 [scrapy] INFO: Spider closed (finished)
