2021-01-16 14:26:02 [scrapy] DEBUG: Crawled (200) <GET https://starcitygames.hawksearch.com/sites/starcitygames/?card_name=Battlefield%20Raptor> (referer: None)
2021-01-16 14:26:02 [scrapy] INFO: Closing spider (finished)
2021-01-16 14:26:02 [scrapy] INFO: Dumping Scrapy stats:
{'downloader/request_bytes': 279,
 'downloader/request_count': 1,
 'downloader/request_method_count/GET': 1,
 'downloader/response_bytes': 3552,
 'downloader/response_count': 1,
 'downloader/response_status_count/200': 1,
 'elapsed_time_seconds': 1.189038,
 'finish_reason': 'finished',
 'finish_time': datetime.datetime(2021, 1, 16, 11, 26, 2, 731497),
 'log_count/DEBUG': 1,
 'log_count/INFO': 7,
 'memusage/max': 60379136,
 'memusage/startup': 60379136,
 'response_received_count': 1,
 'scheduler/dequeued': 1,
 'scheduler/dequeued/memory': 1,
 'scheduler/enqueued': 1,
 'scheduler/enqueued/memory': 1,
 'start_time': datetime.datetime(2021, 1, 16, 11, 26, 1, 542459)}
2021-01-16 14:26:02 [scrapy] INFO: Spider closed (finished)
