2021-01-16 22:41:49 [scrapy] DEBUG: Crawled (200) <GET https://starcitygames.hawksearch.com/sites/starcitygames/?card_name=Glorious%20End> (referer: None)
2021-01-16 22:41:49 [scrapy] DEBUG: Scraped from <200 https://starcitygames.hawksearch.com/sites/starcitygames/?card_name=Glorious%20End>
{'Amonkhet': [{'Near Mint': '$1.25'}]}
2021-01-16 22:41:49 [scrapy] DEBUG: Scraped from <200 https://starcitygames.hawksearch.com/sites/starcitygames/?card_name=Glorious%20End>
{'Amonkhet (Foil)': [{'Near Mint': '$3.99'}]}
2021-01-16 22:41:49 [scrapy] DEBUG: Scraped from <200 https://starcitygames.hawksearch.com/sites/starcitygames/?card_name=Glorious%20End>
{'Promo: Date Stamped (Foil)': [{'Near Mint': '$3.99'}]}
2021-01-16 22:41:49 [scrapy] INFO: Closing spider (finished)
2021-01-16 22:41:49 [scrapy] INFO: Dumping Scrapy stats:
{'downloader/request_bytes': 273,
 'downloader/request_count': 1,
 'downloader/request_method_count/GET': 1,
 'downloader/response_bytes': 10210,
 'downloader/response_count': 1,
 'downloader/response_status_count/200': 1,
 'elapsed_time_seconds': 0.994921,
 'finish_reason': 'finished',
 'finish_time': datetime.datetime(2021, 1, 16, 19, 41, 49, 904546),
 'item_scraped_count': 3,
 'log_count/DEBUG': 4,
 'log_count/INFO': 7,
 'memusage/max': 61440000,
 'memusage/startup': 61440000,
 'response_received_count': 1,
 'scheduler/dequeued': 1,
 'scheduler/dequeued/memory': 1,
 'scheduler/enqueued': 1,
 'scheduler/enqueued/memory': 1,
 'start_time': datetime.datetime(2021, 1, 16, 19, 41, 48, 909625)}
2021-01-16 22:41:49 [scrapy] INFO: Spider closed (finished)
