2021-01-16 14:26:37 [scrapy] DEBUG: Crawled (200) <GET https://starcitygames.hawksearch.com/sites/starcitygames/?card_name=Mangara,%20the%20Diplomat> (referer: None)
2021-01-16 14:26:37 [scrapy] INFO: Closing spider (finished)
2021-01-16 14:26:37 [scrapy] INFO: Dumping Scrapy stats:
{'downloader/request_bytes': 284,
 'downloader/request_count': 1,
 'downloader/request_method_count/GET': 1,
 'downloader/response_bytes': 3657,
 'downloader/response_count': 1,
 'downloader/response_status_count/200': 1,
 'elapsed_time_seconds': 1.244828,
 'finish_reason': 'finished',
 'finish_time': datetime.datetime(2021, 1, 16, 11, 26, 37, 422917),
 'log_count/DEBUG': 1,
 'log_count/INFO': 7,
 'memusage/max': 60641280,
 'memusage/startup': 60641280,
 'response_received_count': 1,
 'scheduler/dequeued': 1,
 'scheduler/dequeued/memory': 1,
 'scheduler/enqueued': 1,
 'scheduler/enqueued/memory': 1,
 'start_time': datetime.datetime(2021, 1, 16, 11, 26, 36, 178089)}
2021-01-16 14:26:37 [scrapy] INFO: Spider closed (finished)
