2021-01-16 14:24:43 [scrapy] DEBUG: Crawled (200) <GET https://starcitygames.hawksearch.com/sites/starcitygames/?card_name=Polluted%20Delta> (referer: None)
2021-01-16 14:24:43 [scrapy] DEBUG: Scraped from <200 https://starcitygames.hawksearch.com/sites/starcitygames/?card_name=Polluted%20Delta>
{'Khans of Tarkir': [{'Near Mint': '$27.99'}]}
2021-01-16 14:24:43 [scrapy] DEBUG: Scraped from <200 https://starcitygames.hawksearch.com/sites/starcitygames/?card_name=Polluted%20Delta>
{'Khans of Tarkir (Foil)': [{'Near Mint': '$59.99'}]}
2021-01-16 14:24:43 [scrapy] DEBUG: Scraped from <200 https://starcitygames.hawksearch.com/sites/starcitygames/?card_name=Polluted%20Delta>
{'Masterpiece Series: Zendikar Expeditions (Foil)': [{'Near Mint': '$259.99'}]}
2021-01-16 14:24:43 [scrapy] DEBUG: Scraped from <200 https://starcitygames.hawksearch.com/sites/starcitygames/?card_name=Polluted%20Delta>
{'Onslaught': [{'Near Mint': '$49.99'}]}
2021-01-16 14:24:43 [scrapy] DEBUG: Scraped from <200 https://starcitygames.hawksearch.com/sites/starcitygames/?card_name=Polluted%20Delta>
{'Onslaught (Foil)': [{'Near Mint': '$549.99'}]}
2021-01-16 14:24:43 [scrapy] DEBUG: Scraped from <200 https://starcitygames.hawksearch.com/sites/starcitygames/?card_name=Polluted%20Delta>
{'Promo: General (Foil)': [{'Near Mint': '$179.99'}]}
2021-01-16 14:24:43 [scrapy] DEBUG: Scraped from <200 https://starcitygames.hawksearch.com/sites/starcitygames/?card_name=Polluted%20Delta>
{'Zendikar Rising Expeditions': [{'Near Mint': '$39.99'}]}
2021-01-16 14:24:43 [scrapy] DEBUG: Scraped from <200 https://starcitygames.hawksearch.com/sites/starcitygames/?card_name=Polluted%20Delta>
{'Zendikar Rising Expeditions (Foil)': [{'Near Mint': '$64.99'}]}
2021-01-16 14:24:43 [scrapy] INFO: Closing spider (finished)
2021-01-16 14:24:43 [scrapy] INFO: Dumping Scrapy stats:
{'downloader/request_bytes': 275,
 'downloader/request_count': 1,
 'downloader/request_method_count/GET': 1,
 'downloader/response_bytes': 12965,
 'downloader/response_count': 1,
 'downloader/response_status_count/200': 1,
 'elapsed_time_seconds': 1.205541,
 'finish_reason': 'finished',
 'finish_time': datetime.datetime(2021, 1, 16, 11, 24, 43, 582073),
 'item_scraped_count': 8,
 'log_count/DEBUG': 9,
 'log_count/INFO': 7,
 'memusage/max': 60362752,
 'memusage/startup': 60362752,
 'response_received_count': 1,
 'scheduler/dequeued': 1,
 'scheduler/dequeued/memory': 1,
 'scheduler/enqueued': 1,
 'scheduler/enqueued/memory': 1,
 'start_time': datetime.datetime(2021, 1, 16, 11, 24, 42, 376532)}
2021-01-16 14:24:43 [scrapy] INFO: Spider closed (finished)
